\BOOKMARK [1][-]{section.1}{Introduction}{}% 1
\BOOKMARK [1][-]{section.2}{Part 1: Data Transmission over the WiFi Network}{}% 2
\BOOKMARK [2][-]{subsection.2.1}{Question A:}{section.2}% 3
\BOOKMARK [3][-]{subsubsection.2.1.1}{Part 1:}{subsection.2.1}% 4
\BOOKMARK [3][-]{subsubsection.2.1.2}{Part 2:}{subsection.2.1}% 5
\BOOKMARK [2][-]{subsection.2.2}{Question B:}{section.2}% 6
\BOOKMARK [2][-]{subsection.2.3}{Question C:}{section.2}% 7
\BOOKMARK [3][-]{subsubsection.2.3.1}{Part 1:}{subsection.2.3}% 8
\BOOKMARK [3][-]{subsubsection.2.3.2}{Part 2:}{subsection.2.3}% 9
\BOOKMARK [3][-]{subsubsection.2.3.3}{Part 3:}{subsection.2.3}% 10
\BOOKMARK [1][-]{section.3}{Part 2: Results and Comparison and Analysis}{}% 11
\BOOKMARK [1][-]{section.4}{Conclusion}{}% 12
\BOOKMARK [1][-]{section.5}{Appendix}{}% 13
\BOOKMARK [2][-]{subsection.5.1}{Bash Scripts}{section.5}% 14
\BOOKMARK [3][-]{subsubsection.5.1.1}{Question A Part 1 Bash Script}{subsection.5.1}% 15
\BOOKMARK [3][-]{subsubsection.5.1.2}{Question A Part 2 Bash Script}{subsection.5.1}% 16
\BOOKMARK [3][-]{subsubsection.5.1.3}{Question B Bash Script}{subsection.5.1}% 17
\BOOKMARK [3][-]{subsubsection.5.1.4}{Question C Part 1 Bash Script}{subsection.5.1}% 18
\BOOKMARK [3][-]{subsubsection.5.1.5}{Question C Part 2 Bash Script}{subsection.5.1}% 19
\BOOKMARK [3][-]{subsubsection.5.1.6}{Question C Part 3 Bash Script}{subsection.5.1}% 20
\BOOKMARK [2][-]{subsection.5.2}{C++ Files}{section.5}% 21
\BOOKMARK [3][-]{subsubsection.5.2.1}{C++ Simulation File}{subsection.5.2}% 22
\BOOKMARK [2][-]{subsection.5.3}{Gnuplot Files}{section.5}% 23
\BOOKMARK [3][-]{subsubsection.5.3.1}{Question A Part 1 Bash Script}{subsection.5.3}% 24
\BOOKMARK [3][-]{subsubsection.5.3.2}{Question A Part 2 Bash Script}{subsection.5.3}% 25
\BOOKMARK [3][-]{subsubsection.5.3.3}{Question B Bash Script}{subsection.5.3}% 26
\BOOKMARK [3][-]{subsubsection.5.3.4}{Question C Part 1 Bash Script}{subsection.5.3}% 27
\BOOKMARK [3][-]{subsubsection.5.3.5}{Question C Part 2 Bash Script}{subsection.5.3}% 28
\BOOKMARK [3][-]{subsubsection.5.3.6}{Question C Part 3 Bash Script}{subsection.5.3}% 29
